# JRE version: OpenJDK Runtime Environment Microsoft-8035246 (17.0.8+7) (build 17.0.8+7-LTS)
# Java VM: OpenJDK 64-Bit Server VM Microsoft-8035246 (17.0.8+7-LTS, mixed mode, sharing, tiered, compressed oops, compressed class ptrs, g1 gc, windows-amd64)
GC Precious Log:
 CPUs: 16 total, 16 available
 Memory: 20332M
 Large Page Support: Disabled
 NUMA Support: Disabled
 Compressed Oops: Enabled (32-bit)
 Heap Region Size: 1M
 Heap Min Capacity: 8M
 Heap Initial Capacity: 318M
 Heap Max Capacity: 2G
 Pre-touch: Disabled
 Parallel Workers: 13
 Concurrent Workers: 3
 Concurrent Refinement Workers: 13
 Periodic GC: Disabled
Heap:
 garbage-first heap   total 269312K, used 218714K [0x0000000080000000, 0x0000000100000000)
  region size 1024K, 20 young (20480K), 4 survivors (4096K)
 Metaspace       used 109088K, committed 110272K, reserved 557056K
  class space    used 15253K, committed 15808K, reserved 425984K
GC Heap History (20 events):
Event: 19.096 GC heap before
{Heap before GC invocations=68 (full 0):
 garbage-first heap   total 224256K, used 188048K [0x0000000080000000, 0x0000000100000000)
  region size 1024K, 36 young (36864K), 6 survivors (6144K)
 Metaspace       used 101839K, committed 102848K, reserved 557056K
  class space    used 14191K, committed 14656K, reserved 425984K
}
Event: 19.100 GC heap after
{Heap after GC invocations=69 (full 0):
 garbage-first heap   total 224256K, used 163093K [0x0000000080000000, 0x0000000100000000)
  region size 1024K, 5 young (5120K), 5 survivors (5120K)
 Metaspace       used 101839K, committed 102848K, reserved 557056K
  class space    used 14191K, committed 14656K, reserved 425984K
}
Event: 19.340 GC heap before
{Heap before GC invocations=69 (full 0):
 garbage-first heap   total 224256K, used 189717K [0x0000000080000000, 0x0000000100000000)
  region size 1024K, 31 young (31744K), 5 survivors (5120K)
 Metaspace       used 102118K, committed 103168K, reserved 557056K
  class space    used 14227K, committed 14720K, reserved 425984K
}
Event: 19.344 GC heap after
{Heap after GC invocations=70 (full 0):
 garbage-first heap   total 269312K, used 170652K [0x0000000080000000, 0x0000000100000000)
  region size 1024K, 4 young (4096K), 4 survivors (4096K)
 Metaspace       used 102118K, committed 103168K, reserved 557056K
  class space    used 14227K, committed 14720K, reserved 425984K
}
Event: 19.747 GC heap before
{Heap before GC invocations=70 (full 0):
 garbage-first heap   total 269312K, used 217756K [0x0000000080000000, 0x0000000100000000)
  region size 1024K, 50 young (51200K), 4 survivors (4096K)
 Metaspace       used 104574K, committed 105600K, reserved 557056K
  class space    used 14607K, committed 15040K, reserved 425984K
}
Event: 19.753 GC heap after
{Heap after GC invocations=71 (full 0):
 garbage-first heap   total 269312K, used 176489K [0x0000000080000000, 0x0000000100000000)
  region size 1024K, 5 young (5120K), 5 survivors (5120K)
 Metaspace       used 104574K, committed 105600K, reserved 557056K
  class space    used 14607K, committed 15040K, reserved 425984K
}
Event: 20.176 GC heap before
{Heap before GC invocations=71 (full 0):
 garbage-first heap   total 269312K, used 220521K [0x0000000080000000, 0x0000000100000000)
  region size 1024K, 48 young (49152K), 5 survivors (5120K)
 Metaspace       used 106821K, committed 107904K, reserved 557056K
  class space    used 14878K, committed 15360K, reserved 425984K
}
Event: 20.180 GC heap after
{Heap after GC invocations=72 (full 0):
 garbage-first heap   total 269312K, used 181645K [0x0000000080000000, 0x0000000100000000)
  region size 1024K, 6 young (6144K), 6 survivors (6144K)
 Metaspace       used 106821K, committed 107904K, reserved 557056K
  class space    used 14878K, committed 15360K, reserved 425984K
}
Event: 20.427 GC heap before
{Heap before GC invocations=72 (full 0):
 garbage-first heap   total 269312K, used 222605K [0x0000000080000000, 0x0000000100000000)
  region size 1024K, 46 young (47104K), 6 survivors (6144K)
 Metaspace       used 107175K, committed 108288K, reserved 557056K
  class space    used 14900K, committed 15424K, reserved 425984K
}
Event: 20.431 GC heap after
{Heap after GC invocations=73 (full 0):
 garbage-first heap   total 269312K, used 186060K [0x0000000080000000, 0x0000000100000000)
  region size 1024K, 5 young (5120K), 5 survivors (5120K)
 Metaspace       used 107175K, committed 108288K, reserved 557056K
  class space    used 14900K, committed 15424K, reserved 425984K
}
Event: 20.679 GC heap before
{Heap before GC invocations=73 (full 0):
 garbage-first heap   total 269312K, used 223948K [0x0000000080000000, 0x0000000100000000)
  region size 1024K, 43 young (44032K), 5 survivors (5120K)
 Metaspace       used 108344K, committed 109504K, reserved 557056K
  class space    used 15194K, committed 15744K, reserved 425984K
}
Event: 20.684 GC heap after
{Heap after GC invocations=74 (full 0):
 garbage-first heap   total 269312K, used 190778K [0x0000000080000000, 0x0000000100000000)
  region size 1024K, 5 young (5120K), 5 survivors (5120K)
 Metaspace       used 108344K, committed 109504K, reserved 557056K
  class space    used 15194K, committed 15744K, reserved 425984K
}
Event: 20.877 GC heap before
{Heap before GC invocations=74 (full 0):
 garbage-first heap   total 269312K, used 226618K [0x0000000080000000, 0x0000000100000000)
  region size 1024K, 41 young (41984K), 5 survivors (5120K)
 Metaspace       used 108652K, committed 109824K, reserved 557056K
  class space    used 15200K, committed 15744K, reserved 425984K
}
Event: 20.881 GC heap after
{Heap after GC invocations=75 (full 0):
 garbage-first heap   total 269312K, used 192318K [0x0000000080000000, 0x0000000100000000)
  region size 1024K, 2 young (2048K), 2 survivors (2048K)
 Metaspace       used 108652K, committed 109824K, reserved 557056K
  class space    used 15200K, committed 15744K, reserved 425984K
}
Event: 21.071 GC heap before
{Heap before GC invocations=75 (full 0):
 garbage-first heap   total 269312K, used 228158K [0x0000000080000000, 0x0000000100000000)
  region size 1024K, 38 young (38912K), 2 survivors (2048K)
 Metaspace       used 109001K, committed 110080K, reserved 557056K
  class space    used 15247K, committed 15744K, reserved 425984K
}
Event: 21.074 GC heap after
{Heap after GC invocations=76 (full 0):
 garbage-first heap   total 269312K, used 196947K [0x0000000080000000, 0x0000000100000000)
  region size 1024K, 5 young (5120K), 5 survivors (5120K)
 Metaspace       used 109001K, committed 110080K, reserved 557056K
  class space    used 15247K, committed 15744K, reserved 425984K
}
Event: 21.205 GC heap before
{Heap before GC invocations=76 (full 0):
 garbage-first heap   total 269312K, used 228691K [0x0000000080000000, 0x0000000100000000)
  region size 1024K, 37 young (37888K), 5 survivors (5120K)
 Metaspace       used 109017K, committed 110080K, reserved 557056K
  class space    used 15247K, committed 15744K, reserved 425984K
}
Event: 21.208 GC heap after
{Heap after GC invocations=77 (full 0):
 garbage-first heap   total 269312K, used 199134K [0x0000000080000000, 0x0000000100000000)
  region size 1024K, 3 young (3072K), 3 survivors (3072K)
 Metaspace       used 109017K, committed 110080K, reserved 557056K
  class space    used 15247K, committed 15744K, reserved 425984K
}
Event: 21.572 GC heap before
{Heap before GC invocations=77 (full 0):
 garbage-first heap   total 269312K, used 230878K [0x0000000080000000, 0x0000000100000000)
  region size 1024K, 34 young (34816K), 3 survivors (3072K)
 Metaspace       used 109019K, committed 110144K, reserved 557056K
  class space    used 15248K, committed 15744K, reserved 425984K
}
Event: 21.573 GC heap after
{Heap after GC invocations=78 (full 0):
 garbage-first heap   total 269312K, used 200282K [0x0000000080000000, 0x0000000100000000)
  region size 1024K, 4 young (4096K), 4 survivors (4096K)
 Metaspace       used 109019K, committed 110144K, reserved 557056K
  class space    used 15248K, committed 15744K, reserved 425984K
}

